0 info it worked if it ends with ok
1 verbose cli [ 'C:\\Program Files\\nodejs\\node.exe',
1 verbose cli   'C:\\Program Files\\nodejs\\node_modules\\npm\\bin\\npm-cli.js',
1 verbose cli   'start' ]
2 info using npm@3.10.10
3 info using node@v6.10.0
4 verbose run-script [ 'prestart', 'start', 'poststart' ]
5 info lifecycle job-dsigner@0.0.0~prestart: job-dsigner@0.0.0
6 silly lifecycle job-dsigner@0.0.0~prestart: no script for prestart, continuing
7 info lifecycle job-dsigner@0.0.0~start: job-dsigner@0.0.0
8 verbose lifecycle job-dsigner@0.0.0~start: unsafe-perm in lifecycle true
9 verbose lifecycle job-dsigner@0.0.0~start: PATH: C:\Program Files\nodejs\node_modules\npm\bin\node-gyp-bin;C:\Users\ducaip\Desktop\job_dsigner_core\node_modules\.bin;C:\Program Files\Docker\Docker\Resources\bin;C:\ProgramData\Oracle\Java\javapath;C:\windows\system32;C:\windows;C:\windows\System32\Wbem;C:\windows\System32\WindowsPowerShell\v1.0\;C:\Strawberry\c\bin;C:\Strawberry\perl\site\bin;C:\Strawberry\perl\bin;C:\Program Files\Git\cmd;C:\Go\bin;C:\Program Files\Microsoft SQL Server\120\Tools\Binn\;C:\Program Files\Microsoft SQL Server\130\Tools\Binn\;C:\VA3;C:\Program Files\cURL\bin;C:\Program Files (x86)\Windows Kits\10\Windows Performance Toolkit\;C:\Program Files\dotnet\;C:\Program Files\nodejs\;C:\Users\ducaip\AppData\Local\Programs\Python\Python35\Scripts\;C:\Users\ducaip\AppData\Local\Programs\Python\Python35\;C:\Users\ducaip\AppData\Local\Microsoft\WindowsApps;C:\Program Files (x86)\Microsoft VS Code\bin;C:\rakudo\bin;C:\rakudo\share\perl6\site\bin;C:\Program Files\Docker Toolbox;C:\Users\ducaip\AppData\Roaming\npm
10 verbose lifecycle job-dsigner@0.0.0~start: CWD: C:\Users\ducaip\Desktop\job_dsigner_core
11 silly lifecycle job-dsigner@0.0.0~start: Args: [ '/d /s /c', 'node ./bin/www' ]
12 silly lifecycle job-dsigner@0.0.0~start: Returned: code: 1  signal: null
13 info lifecycle job-dsigner@0.0.0~start: Failed to exec start script
14 verbose stack Error: job-dsigner@0.0.0 start: `node ./bin/www`
14 verbose stack Exit status 1
14 verbose stack     at EventEmitter.<anonymous> (C:\Program Files\nodejs\node_modules\npm\lib\utils\lifecycle.js:255:16)
14 verbose stack     at emitTwo (events.js:106:13)
14 verbose stack     at EventEmitter.emit (events.js:191:7)
14 verbose stack     at ChildProcess.<anonymous> (C:\Program Files\nodejs\node_modules\npm\lib\utils\spawn.js:40:14)
14 verbose stack     at emitTwo (events.js:106:13)
14 verbose stack     at ChildProcess.emit (events.js:191:7)
14 verbose stack     at maybeClose (internal/child_process.js:877:16)
14 verbose stack     at Process.ChildProcess._handle.onexit (internal/child_process.js:226:5)
15 verbose pkgid job-dsigner@0.0.0
16 verbose cwd C:\Users\ducaip\Desktop\job_dsigner_core
17 error Windows_NT 10.0.14393
18 error argv "C:\\Program Files\\nodejs\\node.exe" "C:\\Program Files\\nodejs\\node_modules\\npm\\bin\\npm-cli.js" "start"
19 error node v6.10.0
20 error npm  v3.10.10
21 error code ELIFECYCLE
22 error job-dsigner@0.0.0 start: `node ./bin/www`
22 error Exit status 1
23 error Failed at the job-dsigner@0.0.0 start script 'node ./bin/www'.
23 error Make sure you have the latest version of node.js and npm installed.
23 error If you do, this is most likely a problem with the job-dsigner package,
23 error not with npm itself.
23 error Tell the author that this fails on your system:
23 error     node ./bin/www
23 error You can get information on how to open an issue for this project with:
23 error     npm bugs job-dsigner
23 error Or if that isn't available, you can get their info via:
23 error     npm owner ls job-dsigner
23 error There is likely additional logging output above.
24 verbose exit [ 1, true ]
